<?xml version="1.0" encoding="UTF-8"?>
<testsuite xmlns:xsi="http://www.w3.org/2001/XMLSchema-instance" xsi:noNamespaceSchemaLocation="https://maven.apache.org/surefire/maven-surefire-plugin/xsd/surefire-test-report-3.0.xsd" version="3.0" name="it.unipd.mtss.IntegerToRomanTest" time="0.047" tests="13" errors="0" skipped="0" failures="0">
  <properties>
    <property name="java.specification.version" value="22"/>
    <property name="sun.jnu.encoding" value="UTF-8"/>
    <property name="java.class.path" value="/home/elio/Assignment2/target/test-classes:/home/elio/Assignment2/target/classes:/home/elio/.m2/repository/junit/junit/4.12/junit-4.12.jar:/home/elio/.m2/repository/org/hamcrest/hamcrest-core/1.3/hamcrest-core-1.3.jar:"/>
    <property name="java.vm.vendor" value="Oracle Corporation"/>
    <property name="sun.arch.data.model" value="64"/>
    <property name="java.vendor.url" value="https://openjdk.org/"/>
    <property name="os.name" value="Linux"/>
    <property name="java.vm.specification.version" value="22"/>
    <property name="sun.java.launcher" value="SUN_STANDARD"/>
    <property name="sun.boot.library.path" value="/usr/lib/jvm/java-22-openjdk/lib"/>
    <property name="sun.java.command" value="/home/elio/Assignment2/target/surefire/surefirebooter-20240516231001365_3.jar /home/elio/Assignment2/target/surefire 2024-05-16T23-10-01_304-jvmRun1 surefire-20240516231001365_1tmp surefire_0-20240516231001365_2tmp"/>
    <property name="jdk.debug" value="release"/>
    <property name="surefire.test.class.path" value="/home/elio/Assignment2/target/test-classes:/home/elio/Assignment2/target/classes:/home/elio/.m2/repository/junit/junit/4.12/junit-4.12.jar:/home/elio/.m2/repository/org/hamcrest/hamcrest-core/1.3/hamcrest-core-1.3.jar:"/>
    <property name="sun.cpu.endian" value="little"/>
    <property name="user.home" value="/home/elio"/>
    <property name="user.language" value="en"/>
    <property name="java.specification.vendor" value="Oracle Corporation"/>
    <property name="java.version.date" value="2024-03-19"/>
    <property name="java.home" value="/usr/lib/jvm/java-22-openjdk"/>
    <property name="file.separator" value="/"/>
    <property name="basedir" value="/home/elio/Assignment2"/>
    <property name="java.vm.compressedOopsMode" value="Zero based"/>
    <property name="line.separator" value="&#10;"/>
    <property name="java.specification.name" value="Java Platform API Specification"/>
    <property name="java.vm.specification.vendor" value="Oracle Corporation"/>
    <property name="surefire.real.class.path" value="/home/elio/Assignment2/target/surefire/surefirebooter-20240516231001365_3.jar"/>
    <property name="sun.management.compiler" value="HotSpot 64-Bit Tiered Compilers"/>
    <property name="java.runtime.version" value="22"/>
    <property name="user.name" value="elio"/>
    <property name="stdout.encoding" value="UTF-8"/>
    <property name="path.separator" value=":"/>
    <property name="os.version" value="6.8.9-arch1-2"/>
    <property name="java.runtime.name" value="OpenJDK Runtime Environment"/>
    <property name="file.encoding" value="UTF-8"/>
    <property name="java.vm.name" value="OpenJDK 64-Bit Server VM"/>
    <property name="localRepository" value="/home/elio/.m2/repository"/>
    <property name="java.vendor.url.bug" value="https://bugreport.java.com/bugreport/"/>
    <property name="java.io.tmpdir" value="/tmp"/>
    <property name="java.version" value="22"/>
    <property name="user.dir" value="/home/elio/Assignment2"/>
    <property name="os.arch" value="amd64"/>
    <property name="java.vm.specification.name" value="Java Virtual Machine Specification"/>
    <property name="native.encoding" value="UTF-8"/>
    <property name="java.library.path" value="/usr/java/packages/lib:/usr/lib64:/lib64:/lib:/usr/lib"/>
    <property name="java.vm.info" value="mixed mode, sharing"/>
    <property name="stderr.encoding" value="UTF-8"/>
    <property name="java.vendor" value="N/A"/>
    <property name="java.vm.version" value="22"/>
    <property name="sun.io.unicode.encoding" value="UnicodeLittle"/>
    <property name="java.class.version" value="66.0"/>
  </properties>
  <testcase name="underZeroThrowsIllegalArgumentException" classname="it.unipd.mtss.IntegerToRomanTest" time="0.002"/>
  <testcase name="First6NumbersConversion" classname="it.unipd.mtss.IntegerToRomanTest" time="0.0"/>
  <testcase name="underRangeThrowsIllegalArgumentException" classname="it.unipd.mtss.IntegerToRomanTest" time="0.0"/>
  <testcase name="First20NumbersConversion" classname="it.unipd.mtss.IntegerToRomanTest" time="0.0"/>
  <testcase name="First500NumbersConversion" classname="it.unipd.mtss.IntegerToRomanTest" time="0.0"/>
  <testcase name="First9NumbersConversion" classname="it.unipd.mtss.IntegerToRomanTest" time="0.0"/>
  <testcase name="MediumNumberConversion" classname="it.unipd.mtss.IntegerToRomanTest" time="0.0"/>
  <testcase name="OneLetterNumbers" classname="it.unipd.mtss.IntegerToRomanTest" time="0.0"/>
  <testcase name="First50NumbersConversion" classname="it.unipd.mtss.IntegerToRomanTest" time="0.0"/>
  <testcase name="First100NumbersConversion" classname="it.unipd.mtss.IntegerToRomanTest" time="0.0"/>
  <testcase name="First3NumbersConversion" classname="it.unipd.mtss.IntegerToRomanTest" time="0.0"/>
  <testcase name="LongestRomanNumberTill1000" classname="it.unipd.mtss.IntegerToRomanTest" time="0.0"/>
  <testcase name="overRangeThrowsIllegalArgumentException" classname="it.unipd.mtss.IntegerToRomanTest" time="0.0"/>
</testsuite>